<?xml version="1.0" encoding="UTF-8"?>
<testsuite name="com.aor.numbers.ListSorterTest" tests="2" skipped="0" failures="0" errors="0" timestamp="2020-03-13T17:03:27" hostname="joao-XPS-13-9380" time="0.002">
  <properties/>
  <testcase name="sort_bug8726" classname="com.aor.numbers.ListSorterTest" time="0.001"/>
  <testcase name="sort" classname="com.aor.numbers.ListSorterTest" time="0.001"/>
  <system-out><![CDATA[]]></system-out>
  <system-err><![CDATA[]]></system-err>
</testsuite>
