<?xml version="1.0" encoding="UTF-8"?>
<testsuite name="com.aor.numbers.ListAggregatorTest" tests="7" skipped="0" failures="0" errors="0" timestamp="2020-03-12T23:50:33" hostname="joao-XPS-13-9380" time="0.233">
  <properties/>
  <testcase name="max" classname="com.aor.numbers.ListAggregatorTest" time="0.225"/>
  <testcase name="min" classname="com.aor.numbers.ListAggregatorTest" time="0.001"/>
  <testcase name="sum" classname="com.aor.numbers.ListAggregatorTest" time="0.001"/>
  <testcase name="max_bug7263" classname="com.aor.numbers.ListAggregatorTest" time="0.001"/>
  <testcase name="distinct" classname="com.aor.numbers.ListAggregatorTest" time="0.001"/>
  <testcase name="distinct_mockito" classname="com.aor.numbers.ListAggregatorTest" time="0.003"/>
  <testcase name="distintc_bug8726" classname="com.aor.numbers.ListAggregatorTest" time="0.001"/>
  <system-out><![CDATA[List:
[1, 2, 2, 4, 5]
]]></system-out>
  <system-err><![CDATA[]]></system-err>
</testsuite>
