<?xml version="1.0" encoding="UTF-8"?>
<testsuite name="com.aor.numbers.ListDeduplicatorTest" tests="2" skipped="0" failures="0" errors="0" timestamp="2020-03-12T20:10:08" hostname="joao-XPS-13-9380" time="0.002">
  <properties/>
  <testcase name="deduplicate" classname="com.aor.numbers.ListDeduplicatorTest" time="0.0"/>
  <testcase name="deduplicate_bug8726" classname="com.aor.numbers.ListDeduplicatorTest" time="0.001"/>
  <system-out><![CDATA[List:
[1, 2, 2, 4, 5]
]]></system-out>
  <system-err><![CDATA[]]></system-err>
</testsuite>
