<?xml version="1.0" encoding="UTF-8"?>
<testsuite name="com.aor.numbers.ListDeduplicatorTest" tests="3" skipped="0" failures="0" errors="0" timestamp="2020-03-13T18:50:38" hostname="joao-XPS-13-9380" time="0.001">
  <properties/>
  <testcase name="deduplicate" classname="com.aor.numbers.ListDeduplicatorTest" time="0.0"/>
  <testcase name="deduplicate_bug8726" classname="com.aor.numbers.ListDeduplicatorTest" time="0.0"/>
  <testcase name="deduplicate_mockito" classname="com.aor.numbers.ListDeduplicatorTest" time="0.001"/>
  <system-out><![CDATA[]]></system-out>
  <system-err><![CDATA[]]></system-err>
</testsuite>
