<?xml version="1.0" encoding="UTF-8"?>
<testsuite name="StringDrinkTest" tests="17" skipped="0" failures="0" errors="0" timestamp="2020-03-26T20:14:50" hostname="joao-XPS-13-9380" time="0.259">
  <properties/>
  <testcase name="happyHour" classname="StringDrinkTest" time="0.001"/>
  <testcase name="stringReplacer" classname="StringDrinkTest" time="0.016"/>
  <testcase name="impatientStrategy" classname="StringDrinkTest" time="0.002"/>
  <testcase name="stringDrink" classname="StringDrinkTest" time="0.0"/>
  <testcase name="removeObserver" classname="StringDrinkTest" time="0.231"/>
  <testcase name="smartStrategyStartClosed" classname="StringDrinkTest" time="0.0"/>
  <testcase name="stringInverter" classname="StringDrinkTest" time="0.0"/>
  <testcase name="smartStrategyStartOpened" classname="StringDrinkTest" time="0.0"/>
  <testcase name="addObserver" classname="StringDrinkTest" time="0.003"/>
  <testcase name="orderStringRecipe" classname="StringDrinkTest" time="0.0"/>
  <testcase name="transformerGroup" classname="StringDrinkTest" time="0.0"/>
  <testcase name="transformerComposite" classname="StringDrinkTest" time="0.0"/>
  <testcase name="stringRecipe" classname="StringDrinkTest" time="0.001"/>
  <testcase name="ferengiStartClosed" classname="StringDrinkTest" time="0.0"/>
  <testcase name="ferengiAlreadyOpened" classname="StringDrinkTest" time="0.0"/>
  <testcase name="romulan" classname="StringDrinkTest" time="0.001"/>
  <testcase name="stringCaseChanger" classname="StringDrinkTest" time="0.0"/>
  <system-out><![CDATA[]]></system-out>
  <system-err><![CDATA[]]></system-err>
</testsuite>
